#
# A fatal error has been detected by the Java Runtime Environment:
#
#  Internal Error (t:/workspace/open/src/hotspot/share/interpreter/oopMapCache.cpp:110), pid=17704, tid=17732
#  Error: ShouldNotReachHere()
#
# JRE version: Java(TM) SE Runtime Environment (13.0.2+8) (build 13.0.2+8)
# Java VM: Java HotSpot(TM) 64-Bit Server VM (13.0.2+8, mixed mode, sharing, tiered, compressed oops, g1 gc, windows-amd64)
# No core dump will be written. Minidumps are not enabled by default on client versions of Windows
#
# If you would like to submit a bug report, please visit:
#   http://bugreport.java.com/bugreport/crash.jsp
#

---------------  S U M M A R Y ------------

Command Line: -agentlib:jdwp=transport=dt_socket,suspend=y,address=localhost:61235 -javaagent:C:\Users\julia\eclipse\java-2019-12\eclipse\configuration\org.eclipse.osgi\226\0\.cp\lib\javaagent-shaded.jar -Dfile.encoding=MS949 Lab7

Host: Intel(R) Core(TM) i3-7100U CPU @ 2.40GHz, 4 cores, 7G,  Windows 10 , 64 bit Build 18362 (10.0.18362.778)
Time: Tue Jun  2 01:56:14 2020 ¢¥eCN©öI¡¾©ö C¡ÍA¨ª¨öA elapsed time: 3971 seconds (0d 1h 6m 11s)

---------------  T H R E A D  ---------------

Current thread (0x000001eccfd72800):  JavaThread "JDWP Transport Listener: dt_socket" daemon [_thread_in_vm, id=17732, stack(0x00000024f5300000,0x00000024f5400000)]

Stack: [0x00000024f5300000,0x00000024f5400000]
Native frames: (J=compiled Java code, j=interpreted, Vv=VM code, C=native code)
V  [jvm.dll+0x624f9a]
V  [jvm.dll+0x770cfa]
V  [jvm.dll+0x7724af]
V  [jvm.dll+0x772a67]
V  [jvm.dll+0x24be8c]
V  [jvm.dll+0x24bdf3]
V  [jvm.dll+0x61420f]
V  [jvm.dll+0x613f6d]
V  [jvm.dll+0x5ddb03]
V  [jvm.dll+0x76840f]
V  [jvm.dll+0x4f6476]
V  [jvm.dll+0x7776dd]
V  [jvm.dll+0x4dc38b]
V  [jvm.dll+0x4a1130]
C  [jdwp.dll+0x7e65]


---------------  P R O C E S S  ---------------

Threads class SMR info:
_java_thread_list=0x000001eccfdca0f0, length=13, elements={
0x000001ecaeddd000, 0x000001eccf258800, 0x000001eccf25e800, 0x000001eccf27f800,
0x000001eccf281000, 0x000001eccf283000, 0x000001eccf28a000, 0x000001eccf294000,
0x000001eccf23e800, 0x000001eccfd72800, 0x000001eccfd85000, 0x000001eccfd9e000,
0x000001eccfdcb000
}

Java Threads: ( => current thread )
  0x000001ecaeddd000 JavaThread "main" [_thread_blocked, id=19616, stack(0x00000024f4400000,0x00000024f4500000)]
  0x000001eccf258800 JavaThread "Reference Handler" daemon [_thread_blocked, id=5576, stack(0x00000024f4b00000,0x00000024f4c00000)]
  0x000001eccf25e800 JavaThread "Finalizer" daemon [_thread_blocked, id=25772, stack(0x00000024f4c00000,0x00000024f4d00000)]
  0x000001eccf27f800 JavaThread "Signal Dispatcher" daemon [_thread_blocked, id=16120, stack(0x00000024f4d00000,0x00000024f4e00000)]
  0x000001eccf281000 JavaThread "Attach Listener" daemon [_thread_blocked, id=13456, stack(0x00000024f4e00000,0x00000024f4f00000)]
  0x000001eccf283000 JavaThread "C2 CompilerThread0" daemon [_thread_blocked, id=13656, stack(0x00000024f4f00000,0x00000024f5000000)]
  0x000001eccf28a000 JavaThread "C1 CompilerThread0" daemon [_thread_blocked, id=21712, stack(0x00000024f5000000,0x00000024f5100000)]
  0x000001eccf294000 JavaThread "Sweeper thread" daemon [_thread_blocked, id=19760, stack(0x00000024f5100000,0x00000024f5200000)]
  0x000001eccf23e800 JavaThread "Common-Cleaner" daemon [_thread_blocked, id=8644, stack(0x00000024f5200000,0x00000024f5300000)]
=>0x000001eccfd72800 JavaThread "JDWP Transport Listener: dt_socket" daemon [_thread_in_vm, id=17732, stack(0x00000024f5300000,0x00000024f5400000)]
  0x000001eccfd85000 JavaThread "JDWP Event Helper Thread" daemon [_thread_blocked, id=8712, stack(0x00000024f5400000,0x00000024f5500000)]
  0x000001eccfd9e000 JavaThread "JDWP Command Reader" daemon [_thread_in_native, id=22628, stack(0x00000024f5500000,0x00000024f5600000)]
  0x000001eccfdcb000 JavaThread "Service Thread" daemon [_thread_blocked, id=17400, stack(0x00000024f5600000,0x00000024f5700000)]

Other Threads:
  0x000001eccf256800 VMThread "VM Thread" [stack: 0x00000024f4a00000,0x00000024f4b00000] [id=21464]
  0x000001eccfdcd000 WatcherThread [stack: 0x00000024f5700000,0x00000024f5800000] [id=27340]
  0x000001ecaee20000 GCTaskThread "GC Thread#0" [stack: 0x00000024f4500000,0x00000024f4600000] [id=27168]
  0x000001ecaee32800 ConcurrentGCThread "G1 Main Marker" [stack: 0x00000024f4600000,0x00000024f4700000] [id=21408]
  0x000001ecaee35000 ConcurrentGCThread "G1 Conc#0" [stack: 0x00000024f4700000,0x00000024f4800000] [id=2320]
  0x000001ecaeead800 ConcurrentGCThread "G1 Refine#0" [stack: 0x00000024f4800000,0x00000024f4900000] [id=26684]
  0x000001ecaeeae800 ConcurrentGCThread "G1 Young RemSet Sampling" [stack: 0x00000024f4900000,0x00000024f4a00000] [id=20304]

Threads with active compile tasks:

VM state:not at safepoint (normal execution)

VM Mutex/Monitor currently owned by a thread: None

Heap address: 0x0000000081400000, size: 2028 MB, Compressed Oops mode: 32-bit
Narrow klass base: 0x0000000800000000, Narrow klass shift: 3
Compressed class space size: 1073741824 Address: 0x0000000800b40000

Heap:
 garbage-first heap   total 131072K, used 6144K [0x0000000081400000, 0x0000000100000000)
  region size 1024K, 7 young (7168K), 0 survivors (0K)
 Metaspace       used 3029K, capacity 5101K, committed 5376K, reserved 1056768K
  class space    used 271K, capacity 443K, committed 512K, reserved 1048576K
Heap Regions: E=young(eden), S=young(survivor), O=old, HS=humongous(starts), HC=humongous(continues), CS=collection set, F=free, A=archive, TAMS=top-at-mark-start (previous, next)
|   0|0x0000000081400000, 0x0000000081400000, 0x0000000081500000|  0%| F|  |TAMS 0x0000000081400000, 0x0000000081400000| Untracked 
|   1|0x0000000081500000, 0x0000000081500000, 0x0000000081600000|  0%| F|  |TAMS 0x0000000081500000, 0x0000000081500000| Untracked 
|   2|0x0000000081600000, 0x0000000081600000, 0x0000000081700000|  0%| F|  |TAMS 0x0000000081600000, 0x0000000081600000| Untracked 
|   3|0x0000000081700000, 0x0000000081700000, 0x0000000081800000|  0%| F|  |TAMS 0x0000000081700000, 0x0000000081700000| Untracked 
|   4|0x0000000081800000, 0x0000000081800000, 0x0000000081900000|  0%| F|  |TAMS 0x0000000081800000, 0x0000000081800000| Untracked 
|   5|0x0000000081900000, 0x0000000081900000, 0x0000000081a00000|  0%| F|  |TAMS 0x0000000081900000, 0x0000000081900000| Untracked 
|   6|0x0000000081a00000, 0x0000000081a00000, 0x0000000081b00000|  0%| F|  |TAMS 0x0000000081a00000, 0x0000000081a00000| Untracked 
|   7|0x0000000081b00000, 0x0000000081b00000, 0x0000000081c00000|  0%| F|  |TAMS 0x0000000081b00000, 0x0000000081b00000| Untracked 
|   8|0x0000000081c00000, 0x0000000081c00000, 0x0000000081d00000|  0%| F|  |TAMS 0x0000000081c00000, 0x0000000081c00000| Untracked 
|   9|0x0000000081d00000, 0x0000000081d00000, 0x0000000081e00000|  0%| F|  |TAMS 0x0000000081d00000, 0x0000000081d00000| Untracked 
|  10|0x0000000081e00000, 0x0000000081e00000, 0x0000000081f00000|  0%| F|  |TAMS 0x0000000081e00000, 0x0000000081e00000| Untracked 
|  11|0x0000000081f00000, 0x0000000081f00000, 0x0000000082000000|  0%| F|  |TAMS 0x0000000081f00000, 0x0000000081f00000| Untracked 
|  12|0x0000000082000000, 0x0000000082000000, 0x0000000082100000|  0%| F|  |TAMS 0x0000000082000000, 0x0000000082000000| Untracked 
|  13|0x0000000082100000, 0x0000000082100000, 0x0000000082200000|  0%| F|  |TAMS 0x0000000082100000, 0x0000000082100000| Untracked 
|  14|0x0000000082200000, 0x0000000082200000, 0x0000000082300000|  0%| F|  |TAMS 0x0000000082200000, 0x0000000082200000| Untracked 
|  15|0x0000000082300000, 0x0000000082300000, 0x0000000082400000|  0%| F|  |TAMS 0x0000000082300000, 0x0000000082300000| Untracked 
|  16|0x0000000082400000, 0x0000000082400000, 0x0000000082500000|  0%| F|  |TAMS 0x0000000082400000, 0x0000000082400000| Untracked 
|  17|0x0000000082500000, 0x0000000082500000, 0x0000000082600000|  0%| F|  |TAMS 0x0000000082500000, 0x0000000082500000| Untracked 
|  18|0x0000000082600000, 0x0000000082600000, 0x0000000082700000|  0%| F|  |TAMS 0x0000000082600000, 0x0000000082600000| Untracked 
|  19|0x0000000082700000, 0x0000000082700000, 0x0000000082800000|  0%| F|  |TAMS 0x0000000082700000, 0x0000000082700000| Untracked 
|  20|0x0000000082800000, 0x0000000082800000, 0x0000000082900000|  0%| F|  |TAMS 0x0000000082800000, 0x0000000082800000| Untracked 
|  21|0x0000000082900000, 0x0000000082900000, 0x0000000082a00000|  0%| F|  |TAMS 0x0000000082900000, 0x0000000082900000| Untracked 
|  22|0x0000000082a00000, 0x0000000082a00000, 0x0000000082b00000|  0%| F|  |TAMS 0x0000000082a00000, 0x0000000082a00000| Untracked 
|  23|0x0000000082b00000, 0x0000000082b00000, 0x0000000082c00000|  0%| F|  |TAMS 0x0000000082b00000, 0x0000000082b00000| Untracked 
|  24|0x0000000082c00000, 0x0000000082c00000, 0x0000000082d00000|  0%| F|  |TAMS 0x0000000082c00000, 0x0000000082c00000| Untracked 
|  25|0x0000000082d00000, 0x0000000082d00000, 0x0000000082e00000|  0%| F|  |TAMS 0x0000000082d00000, 0x0000000082d00000| Untracked 
|  26|0x0000000082e00000, 0x0000000082e00000, 0x0000000082f00000|  0%| F|  |TAMS 0x0000000082e00000, 0x0000000082e00000| Untracked 
|  27|0x0000000082f00000, 0x0000000082f00000, 0x0000000083000000|  0%| F|  |TAMS 0x0000000082f00000, 0x0000000082f00000| Untracked 
|  28|0x0000000083000000, 0x0000000083000000, 0x0000000083100000|  0%| F|  |TAMS 0x0000000083000000, 0x0000000083000000| Untracked 
|  29|0x0000000083100000, 0x0000000083100000, 0x0000000083200000|  0%| F|  |TAMS 0x0000000083100000, 0x0000000083100000| Untracked 
|  30|0x0000000083200000, 0x0000000083200000, 0x0000000083300000|  0%| F|  |TAMS 0x0000000083200000, 0x0000000083200000| Untracked 
|  31|0x0000000083300000, 0x0000000083300000, 0x0000000083400000|  0%| F|  |TAMS 0x0000000083300000, 0x0000000083300000| Untracked 
|  32|0x0000000083400000, 0x0000000083400000, 0x0000000083500000|  0%| F|  |TAMS 0x0000000083400000, 0x0000000083400000| Untracked 
|  33|0x0000000083500000, 0x0000000083500000, 0x0000000083600000|  0%| F|  |TAMS 0x0000000083500000, 0x0000000083500000| Untracked 
|  34|0x0000000083600000, 0x0000000083600000, 0x0000000083700000|  0%| F|  |TAMS 0x0000000083600000, 0x0000000083600000| Untracked 
|  35|0x0000000083700000, 0x0000000083700000, 0x0000000083800000|  0%| F|  |TAMS 0x0000000083700000, 0x0000000083700000| Untracked 
|  36|0x0000000083800000, 0x0000000083800000, 0x0000000083900000|  0%| F|  |TAMS 0x0000000083800000, 0x0000000083800000| Untracked 
|  37|0x0000000083900000, 0x0000000083900000, 0x0000000083a00000|  0%| F|  |TAMS 0x0000000083900000, 0x0000000083900000| Untracked 
|  38|0x0000000083a00000, 0x0000000083a00000, 0x0000000083b00000|  0%| F|  |TAMS 0x0000000083a00000, 0x0000000083a00000| Untracked 
|  39|0x0000000083b00000, 0x0000000083b00000, 0x0000000083c00000|  0%| F|  |TAMS 0x0000000083b00000, 0x0000000083b00000| Untracked 
|  40|0x0000000083c00000, 0x0000000083c00000, 0x0000000083d00000|  0%| F|  |TAMS 0x0000000083c00000, 0x0000000083c00000| Untracked 
|  41|0x0000000083d00000, 0x0000000083d00000, 0x0000000083e00000|  0%| F|  |TAMS 0x0000000083d00000, 0x0000000083d00000| Untracked 
|  42|0x0000000083e00000, 0x0000000083e00000, 0x0000000083f00000|  0%| F|  |TAMS 0x0000000083e00000, 0x0000000083e00000| Untracked 
|  43|0x0000000083f00000, 0x0000000083f00000, 0x0000000084000000|  0%| F|  |TAMS 0x0000000083f00000, 0x0000000083f00000| Untracked 
|  44|0x0000000084000000, 0x0000000084000000, 0x0000000084100000|  0%| F|  |TAMS 0x0000000084000000, 0x0000000084000000| Untracked 
|  45|0x0000000084100000, 0x0000000084100000, 0x0000000084200000|  0%| F|  |TAMS 0x0000000084100000, 0x0000000084100000| Untracked 
|  46|0x0000000084200000, 0x0000000084200000, 0x0000000084300000|  0%| F|  |TAMS 0x0000000084200000, 0x0000000084200000| Untracked 
|  47|0x0000000084300000, 0x0000000084300000, 0x0000000084400000|  0%| F|  |TAMS 0x0000000084300000, 0x0000000084300000| Untracked 
|  48|0x0000000084400000, 0x0000000084400000, 0x0000000084500000|  0%| F|  |TAMS 0x0000000084400000, 0x0000000084400000| Untracked 
|  49|0x0000000084500000, 0x0000000084500000, 0x0000000084600000|  0%| F|  |TAMS 0x0000000084500000, 0x0000000084500000| Untracked 
|  50|0x0000000084600000, 0x0000000084600000, 0x0000000084700000|  0%| F|  |TAMS 0x0000000084600000, 0x0000000084600000| Untracked 
|  51|0x0000000084700000, 0x0000000084700000, 0x0000000084800000|  0%| F|  |TAMS 0x0000000084700000, 0x0000000084700000| Untracked 
|  52|0x0000000084800000, 0x0000000084800000, 0x0000000084900000|  0%| F|  |TAMS 0x0000000084800000, 0x0000000084800000| Untracked 
|  53|0x0000000084900000, 0x0000000084900000, 0x0000000084a00000|  0%| F|  |TAMS 0x0000000084900000, 0x0000000084900000| Untracked 
|  54|0x0000000084a00000, 0x0000000084a00000, 0x0000000084b00000|  0%| F|  |TAMS 0x0000000084a00000, 0x0000000084a00000| Untracked 
|  55|0x0000000084b00000, 0x0000000084b00000, 0x0000000084c00000|  0%| F|  |TAMS 0x0000000084b00000, 0x0000000084b00000| Untracked 
|  56|0x0000000084c00000, 0x0000000084c00000, 0x0000000084d00000|  0%| F|  |TAMS 0x0000000084c00000, 0x0000000084c00000| Untracked 
|  57|0x0000000084d00000, 0x0000000084d00000, 0x0000000084e00000|  0%| F|  |TAMS 0x0000000084d00000, 0x0000000084d00000| Untracked 
|  58|0x0000000084e00000, 0x0000000084e00000, 0x0000000084f00000|  0%| F|  |TAMS 0x0000000084e00000, 0x0000000084e00000| Untracked 
|  59|0x0000000084f00000, 0x0000000084f00000, 0x0000000085000000|  0%| F|  |TAMS 0x0000000084f00000, 0x0000000084f00000| Untracked 
|  60|0x0000000085000000, 0x0000000085000000, 0x0000000085100000|  0%| F|  |TAMS 0x0000000085000000, 0x0000000085000000| Untracked 
|  61|0x0000000085100000, 0x0000000085100000, 0x0000000085200000|  0%| F|  |TAMS 0x0000000085100000, 0x0000000085100000| Untracked 
|  62|0x0000000085200000, 0x0000000085200000, 0x0000000085300000|  0%| F|  |TAMS 0x0000000085200000, 0x0000000085200000| Untracked 
|  63|0x0000000085300000, 0x0000000085300000, 0x0000000085400000|  0%| F|  |TAMS 0x0000000085300000, 0x0000000085300000| Untracked 
|  64|0x0000000085400000, 0x0000000085400000, 0x0000000085500000|  0%| F|  |TAMS 0x0000000085400000, 0x0000000085400000| Untracked 
|  65|0x0000000085500000, 0x0000000085500000, 0x0000000085600000|  0%| F|  |TAMS 0x0000000085500000, 0x0000000085500000| Untracked 
|  66|0x0000000085600000, 0x0000000085600000, 0x0000000085700000|  0%| F|  |TAMS 0x0000000085600000, 0x0000000085600000| Untracked 
|  67|0x0000000085700000, 0x0000000085700000, 0x0000000085800000|  0%| F|  |TAMS 0x0000000085700000, 0x0000000085700000| Untracked 
|  68|0x0000000085800000, 0x0000000085800000, 0x0000000085900000|  0%| F|  |TAMS 0x0000000085800000, 0x0000000085800000| Untracked 
|  69|0x0000000085900000, 0x0000000085900000, 0x0000000085a00000|  0%| F|  |TAMS 0x0000000085900000, 0x0000000085900000| Untracked 
|  70|0x0000000085a00000, 0x0000000085a00000, 0x0000000085b00000|  0%| F|  |TAMS 0x0000000085a00000, 0x0000000085a00000| Untracked 
|  71|0x0000000085b00000, 0x0000000085b00000, 0x0000000085c00000|  0%| F|  |TAMS 0x0000000085b00000, 0x0000000085b00000| Untracked 
|  72|0x0000000085c00000, 0x0000000085c00000, 0x0000000085d00000|  0%| F|  |TAMS 0x0000000085c00000, 0x0000000085c00000| Untracked 
|  73|0x0000000085d00000, 0x0000000085d00000, 0x0000000085e00000|  0%| F|  |TAMS 0x0000000085d00000, 0x0000000085d00000| Untracked 
|  74|0x0000000085e00000, 0x0000000085e00000, 0x0000000085f00000|  0%| F|  |TAMS 0x0000000085e00000, 0x0000000085e00000| Untracked 
|  75|0x0000000085f00000, 0x0000000085f00000, 0x0000000086000000|  0%| F|  |TAMS 0x0000000085f00000, 0x0000000085f00000| Untracked 
|  76|0x0000000086000000, 0x0000000086000000, 0x0000000086100000|  0%| F|  |TAMS 0x0000000086000000, 0x0000000086000000| Untracked 
|  77|0x0000000086100000, 0x0000000086100000, 0x0000000086200000|  0%| F|  |TAMS 0x0000000086100000, 0x0000000086100000| Untracked 
|  78|0x0000000086200000, 0x0000000086200000, 0x0000000086300000|  0%| F|  |TAMS 0x0000000086200000, 0x0000000086200000| Untracked 
|  79|0x0000000086300000, 0x0000000086300000, 0x0000000086400000|  0%| F|  |TAMS 0x0000000086300000, 0x0000000086300000| Untracked 
|  80|0x0000000086400000, 0x0000000086400000, 0x0000000086500000|  0%| F|  |TAMS 0x0000000086400000, 0x0000000086400000| Untracked 
|  81|0x0000000086500000, 0x0000000086500000, 0x0000000086600000|  0%| F|  |TAMS 0x0000000086500000, 0x0000000086500000| Untracked 
|  82|0x0000000086600000, 0x0000000086600000, 0x0000000086700000|  0%| F|  |TAMS 0x0000000086600000, 0x0000000086600000| Untracked 
|  83|0x0000000086700000, 0x0000000086700000, 0x0000000086800000|  0%| F|  |TAMS 0x0000000086700000, 0x0000000086700000| Untracked 
|  84|0x0000000086800000, 0x0000000086800000, 0x0000000086900000|  0%| F|  |TAMS 0x0000000086800000, 0x0000000086800000| Untracked 
|  85|0x0000000086900000, 0x0000000086900000, 0x0000000086a00000|  0%| F|  |TAMS 0x0000000086900000, 0x0000000086900000| Untracked 
|  86|0x0000000086a00000, 0x0000000086a00000, 0x0000000086b00000|  0%| F|  |TAMS 0x0000000086a00000, 0x0000000086a00000| Untracked 
|  87|0x0000000086b00000, 0x0000000086b00000, 0x0000000086c00000|  0%| F|  |TAMS 0x0000000086b00000, 0x0000000086b00000| Untracked 
|  88|0x0000000086c00000, 0x0000000086c00000, 0x0000000086d00000|  0%| F|  |TAMS 0x0000000086c00000, 0x0000000086c00000| Untracked 
|  89|0x0000000086d00000, 0x0000000086d00000, 0x0000000086e00000|  0%| F|  |TAMS 0x0000000086d00000, 0x0000000086d00000| Untracked 
|  90|0x0000000086e00000, 0x0000000086e00000, 0x0000000086f00000|  0%| F|  |TAMS 0x0000000086e00000, 0x0000000086e00000| Untracked 
|  91|0x0000000086f00000, 0x0000000086f00000, 0x0000000087000000|  0%| F|  |TAMS 0x0000000086f00000, 0x0000000086f00000| Untracked 
|  92|0x0000000087000000, 0x0000000087000000, 0x0000000087100000|  0%| F|  |TAMS 0x0000000087000000, 0x0000000087000000| Untracked 
|  93|0x0000000087100000, 0x0000000087100000, 0x0000000087200000|  0%| F|  |TAMS 0x0000000087100000, 0x0000000087100000| Untracked 
|  94|0x0000000087200000, 0x0000000087200000, 0x0000000087300000|  0%| F|  |TAMS 0x0000000087200000, 0x0000000087200000| Untracked 
|  95|0x0000000087300000, 0x0000000087300000, 0x0000000087400000|  0%| F|  |TAMS 0x0000000087300000, 0x0000000087300000| Untracked 
|  96|0x0000000087400000, 0x0000000087400000, 0x0000000087500000|  0%| F|  |TAMS 0x0000000087400000, 0x0000000087400000| Untracked 
|  97|0x0000000087500000, 0x0000000087500000, 0x0000000087600000|  0%| F|  |TAMS 0x0000000087500000, 0x0000000087500000| Untracked 
|  98|0x0000000087600000, 0x0000000087600000, 0x0000000087700000|  0%| F|  |TAMS 0x0000000087600000, 0x0000000087600000| Untracked 
|  99|0x0000000087700000, 0x0000000087700000, 0x0000000087800000|  0%| F|  |TAMS 0x0000000087700000, 0x0000000087700000| Untracked 
| 100|0x0000000087800000, 0x0000000087800000, 0x0000000087900000|  0%| F|  |TAMS 0x0000000087800000, 0x0000000087800000| Untracked 
| 101|0x0000000087900000, 0x0000000087900000, 0x0000000087a00000|  0%| F|  |TAMS 0x0000000087900000, 0x0000000087900000| Untracked 
| 102|0x0000000087a00000, 0x0000000087a00000, 0x0000000087b00000|  0%| F|  |TAMS 0x0000000087a00000, 0x0000000087a00000| Untracked 
| 103|0x0000000087b00000, 0x0000000087b00000, 0x0000000087c00000|  0%| F|  |TAMS 0x0000000087b00000, 0x0000000087b00000| Untracked 
| 104|0x0000000087c00000, 0x0000000087c00000, 0x0000000087d00000|  0%| F|  |TAMS 0x0000000087c00000, 0x0000000087c00000| Untracked 
| 105|0x0000000087d00000, 0x0000000087d00000, 0x0000000087e00000|  0%| F|  |TAMS 0x0000000087d00000, 0x0000000087d00000| Untracked 
| 106|0x0000000087e00000, 0x0000000087e00000, 0x0000000087f00000|  0%| F|  |TAMS 0x0000000087e00000, 0x0000000087e00000| Untracked 
| 107|0x0000000087f00000, 0x0000000087f00000, 0x0000000088000000|  0%| F|  |TAMS 0x0000000087f00000, 0x0000000087f00000| Untracked 
| 108|0x0000000088000000, 0x0000000088000000, 0x0000000088100000|  0%| F|  |TAMS 0x0000000088000000, 0x0000000088000000| Untracked 
| 109|0x0000000088100000, 0x0000000088100000, 0x0000000088200000|  0%| F|  |TAMS 0x0000000088100000, 0x0000000088100000| Untracked 
| 110|0x0000000088200000, 0x0000000088200000, 0x0000000088300000|  0%| F|  |TAMS 0x0000000088200000, 0x0000000088200000| Untracked 
| 111|0x0000000088300000, 0x0000000088300000, 0x0000000088400000|  0%| F|  |TAMS 0x0000000088300000, 0x0000000088300000| Untracked 
| 112|0x0000000088400000, 0x0000000088400000, 0x0000000088500000|  0%| F|  |TAMS 0x0000000088400000, 0x0000000088400000| Untracked 
| 113|0x0000000088500000, 0x0000000088500000, 0x0000000088600000|  0%| F|  |TAMS 0x0000000088500000, 0x0000000088500000| Untracked 
| 114|0x0000000088600000, 0x0000000088600000, 0x0000000088700000|  0%| F|  |TAMS 0x0000000088600000, 0x0000000088600000| Untracked 
| 115|0x0000000088700000, 0x0000000088700000, 0x0000000088800000|  0%| F|  |TAMS 0x0000000088700000, 0x0000000088700000| Untracked 
| 116|0x0000000088800000, 0x0000000088800000, 0x0000000088900000|  0%| F|  |TAMS 0x0000000088800000, 0x0000000088800000| Untracked 
| 117|0x0000000088900000, 0x0000000088900000, 0x0000000088a00000|  0%| F|  |TAMS 0x0000000088900000, 0x0000000088900000| Untracked 
| 118|0x0000000088a00000, 0x0000000088a00000, 0x0000000088b00000|  0%| F|  |TAMS 0x0000000088a00000, 0x0000000088a00000| Untracked 
| 119|0x0000000088b00000, 0x0000000088b00000, 0x0000000088c00000|  0%| F|  |TAMS 0x0000000088b00000, 0x0000000088b00000| Untracked 
| 120|0x0000000088c00000, 0x0000000088c00000, 0x0000000088d00000|  0%| F|  |TAMS 0x0000000088c00000, 0x0000000088c00000| Untracked 
| 121|0x0000000088d00000, 0x0000000088d90650, 0x0000000088e00000| 56%| E|  |TAMS 0x0000000088d00000, 0x0000000088d00000| Complete 
| 122|0x0000000088e00000, 0x0000000088f00000, 0x0000000088f00000|100%| E|CS|TAMS 0x0000000088e00000, 0x0000000088e00000| Complete 
| 123|0x0000000088f00000, 0x0000000089000000, 0x0000000089000000|100%| E|CS|TAMS 0x0000000088f00000, 0x0000000088f00000| Complete 
| 124|0x0000000089000000, 0x0000000089100000, 0x0000000089100000|100%| E|CS|TAMS 0x0000000089000000, 0x0000000089000000| Complete 
| 125|0x0000000089100000, 0x0000000089200000, 0x0000000089200000|100%| E|CS|TAMS 0x0000000089100000, 0x0000000089100000| Complete 
| 126|0x0000000089200000, 0x0000000089300000, 0x0000000089300000|100%| E|CS|TAMS 0x0000000089200000, 0x0000000089200000| Complete 
| 127|0x0000000089300000, 0x0000000089400000, 0x0000000089400000|100%| E|CS|TAMS 0x0000000089300000, 0x0000000089300000| Complete 

Card table byte_map: [0x000001ecc8520000,0x000001ecc8920000] _byte_map_base: 0x000001ecc8116000

Marking Bits (Prev, Next): (CMBitMap*) 0x000001ecaee20e68, (CMBitMap*) 0x000001ecaee20ea8
 Prev Bits: [0x000001ecc8d20000, 0x000001eccacd0000)
 Next Bits: [0x000001eccacd0000, 0x000001ecccc80000)

Polling page: 0x000001ecaeb90000

Metaspace:

Usage:
  Non-class:      4.55 MB capacity,     2.69 MB ( 59%) used,     1.85 MB ( 41%) free+waste,     2.94 KB ( <1%) overhead. 
      Class:    443.00 KB capacity,   271.85 KB ( 61%) used,   169.59 KB ( 38%) free+waste,     1.56 KB ( <1%) overhead. 
       Both:      4.98 MB capacity,     2.96 MB ( 59%) used,     2.02 MB ( 41%) free+waste,     4.50 KB ( <1%) overhead. 

Virtual space:
  Non-class space:        8.00 MB reserved,       4.75 MB ( 59%) committed 
      Class space:        1.00 GB reserved,     512.00 KB ( <1%) committed 
             Both:        1.01 GB reserved,       5.25 MB ( <1%) committed 

Chunk freelists:
   Non-Class:  14.00 KB
       Class:  5.00 KB
        Both:  19.00 KB

MaxMetaspaceSize: 17179869184.00 GB
CompressedClassSpaceSize: 1.00 GB

CodeHeap 'non-profiled nmethods': size=120000Kb used=151Kb max_used=151Kb free=119848Kb
 bounds [0x000001ecc05b0000, 0x000001ecc0820000, 0x000001ecc7ae0000]
CodeHeap 'profiled nmethods': size=120000Kb used=768Kb max_used=795Kb free=119231Kb
 bounds [0x000001ecb9080000, 0x000001ecb92f0000, 0x000001ecc05b0000]
CodeHeap 'non-nmethods': size=5760Kb used=1217Kb max_used=1233Kb free=4542Kb
 bounds [0x000001ecb8ae0000, 0x000001ecb8d50000, 0x000001ecb9080000]
 total_blobs=1224 nmethods=411 adapters=287
 compilation: enabled
              stopped_count=0, restarted_count=0
 full_count=0

Compilation events (20 events):
Event: 2954.805 Thread 0x000001eccf283000 nmethod 450 0x000001ecc05d4190 code [0x000001ecc05d4320, 0x000001ecc05d4528]
Event: 2954.810 Thread 0x000001eccf28a000 nmethod 451 0x000001ecb909ec10 code [0x000001ecb909ee80, 0x000001ecb909fb70]
Event: 2986.582 Thread 0x000001eccf283000  452       4       org.eclipse.jdt.launching.internal.org.objectweb.asm.Symbol::<init> (38 bytes)
Event: 2986.588 Thread 0x000001eccf283000 nmethod 452 0x000001ecc05d4690 code [0x000001ecc05d4820, 0x000001ecc05d4b18]
Event: 2986.588 Thread 0x000001eccf283000  453       4       org.eclipse.jdt.launching.internal.org.objectweb.asm.ByteVector::putByte (39 bytes)
Event: 2986.590 Thread 0x000001eccf283000 nmethod 453 0x000001ecc05d4b90 code [0x000001ecc05d4d20, 0x000001ecc05d4ea8]
Event: 3084.828 Thread 0x000001eccf28a000  454       3       org.eclipse.jdt.launching.internal.org.objectweb.asm.MethodWriter::visitLocalVariable (222 bytes)
Event: 3084.831 Thread 0x000001eccf28a000 nmethod 454 0x000001ecb909b610 code [0x000001ecb909b960, 0x000001ecb909cba0]
Event: 3685.492 Thread 0x000001eccf283000  455       4       org.eclipse.jdt.launching.internal.org.objectweb.asm.ByteVector::put12 (64 bytes)
Event: 3685.499 Thread 0x000001eccf283000 nmethod 455 0x000001ecc05d5010 code [0x000001ecc05d51a0, 0x000001ecc05d53e8]
Event: 3754.737 Thread 0x000001eccf28a000  456       3       java.lang.StringUTF16::charAt (11 bytes)
Event: 3754.737 Thread 0x000001eccf28a000 nmethod 456 0x000001ecb90c4790 code [0x000001ecb90c4940, 0x000001ecb90c4b90]
Event: 3754.737 Thread 0x000001eccf28a000  457       3       java.lang.StringUTF16::checkIndex (9 bytes)
Event: 3754.737 Thread 0x000001eccf28a000 nmethod 457 0x000001ecb9088f10 code [0x000001ecb90890c0, 0x000001ecb90892b0]
Event: 3842.724 Thread 0x000001eccf28a000  458       1       org.eclipse.jdt.launching.internal.org.objectweb.asm.SymbolTable::getSource (5 bytes)
Event: 3842.725 Thread 0x000001eccf28a000 nmethod 458 0x000001ecc05d5590 code [0x000001ecc05d5720, 0x000001ecc05d5858]
Event: 3842.725 Thread 0x000001eccf28a000  460       3       org.eclipse.jdt.launching.internal.org.objectweb.asm.Handler::getExceptionTableSize (10 bytes)
Event: 3842.726 Thread 0x000001eccf28a000 nmethod 460 0x000001ecb9080f90 code [0x000001ecb9081140, 0x000001ecb9081398]
Event: 3842.726 Thread 0x000001eccf28a000  459       1       org.eclipse.jdt.launching.internal.org.objectweb.asm.MethodWriter::hasAsmInstructions (5 bytes)
Event: 3842.726 Thread 0x000001eccf28a000 nmethod 459 0x000001ecc05d5910 code [0x000001ecc05d5aa0, 0x000001ecc05d5bd8]

GC Heap History (0 events):
No events

Deoptimization events (20 events):
Event: 0.487 Thread 0x000001ecaeddd000 DEOPT PACKING pc=0x000001ecb90eeeec sp=0x00000024f44fb890
Event: 0.487 Thread 0x000001ecaeddd000 DEOPT UNPACKING pc=0x000001ecb8b2964e sp=0x00000024f44fad58 mode 0
Event: 0.495 Thread 0x000001ecaeddd000 DEOPT PACKING pc=0x000001ecb90eeeec sp=0x00000024f44fb820
Event: 0.495 Thread 0x000001ecaeddd000 DEOPT UNPACKING pc=0x000001ecb8b2964e sp=0x00000024f44face8 mode 0
Event: 0.497 Thread 0x000001ecaeddd000 DEOPT PACKING pc=0x000001ecb90eeeec sp=0x00000024f44fb900
Event: 0.497 Thread 0x000001ecaeddd000 DEOPT UNPACKING pc=0x000001ecb8b2964e sp=0x00000024f44fadc8 mode 0
Event: 0.505 Thread 0x000001ecaeddd000 DEOPT PACKING pc=0x000001ecb90eeeec sp=0x00000024f44f8290
Event: 0.505 Thread 0x000001ecaeddd000 DEOPT UNPACKING pc=0x000001ecb8b2964e sp=0x00000024f44f7758 mode 0
Event: 0.505 Thread 0x000001ecaeddd000 DEOPT PACKING pc=0x000001ecb90eeeec sp=0x00000024f44f8290
Event: 0.505 Thread 0x000001ecaeddd000 DEOPT UNPACKING pc=0x000001ecb8b2964e sp=0x00000024f44f7758 mode 0
Event: 0.514 Thread 0x000001ecaeddd000 DEOPT PACKING pc=0x000001ecb90eeeec sp=0x00000024f44fafc0
Event: 0.514 Thread 0x000001ecaeddd000 DEOPT UNPACKING pc=0x000001ecb8b2964e sp=0x00000024f44fa488 mode 0
Event: 0.515 Thread 0x000001ecaeddd000 Uncommon trap: trap_request=0xffffff45 fr.pc=0x000001ecc05b99f0 relative=0x0000000000000250
Event: 0.515 Thread 0x000001ecaeddd000 Uncommon trap: reason=unstable_if action=reinterpret pc=0x000001ecc05b99f0 method=java.lang.String.hashCode()I @ 20 c2
Event: 0.515 Thread 0x000001ecaeddd000 DEOPT PACKING pc=0x000001ecc05b99f0 sp=0x00000024f44fc4d0
Event: 0.515 Thread 0x000001ecaeddd000 DEOPT UNPACKING pc=0x000001ecb8b2912f sp=0x00000024f44fc468 mode 2
Event: 0.515 Thread 0x000001ecaeddd000 Uncommon trap: trap_request=0xffffff45 fr.pc=0x000001ecc05bf610 relative=0x00000000000000f0
Event: 0.515 Thread 0x000001ecaeddd000 Uncommon trap: reason=unstable_if action=reinterpret pc=0x000001ecc05bf610 method=java.lang.String.charAt(I)C @ 4 c2
Event: 0.515 Thread 0x000001ecaeddd000 DEOPT PACKING pc=0x000001ecc05bf610 sp=0x00000024f44fc410
Event: 0.515 Thread 0x000001ecaeddd000 DEOPT UNPACKING pc=0x000001ecb8b2912f sp=0x00000024f44fc3c0 mode 2

Classes unloaded (0 events):
No events

Classes redefined (17 events):
Event: 55.658 Thread 0x000001eccf256800 redefined class name=Lab7, count=1
Event: 212.565 Thread 0x000001eccf256800 redefined class name=Lab7, count=2
Event: 1085.494 Thread 0x000001eccf256800 redefined class name=Lab7, count=3
Event: 1154.415 Thread 0x000001eccf256800 redefined class name=Lab7, count=4
Event: 1487.529 Thread 0x000001eccf256800 redefined class name=Lab7, count=5
Event: 1504.457 Thread 0x000001eccf256800 redefined class name=Lab7, count=6
Event: 1876.133 Thread 0x000001eccf256800 redefined class name=Lab7, count=7
Event: 2056.963 Thread 0x000001eccf256800 redefined class name=Lab7, count=8
Event: 2189.793 Thread 0x000001eccf256800 redefined class name=Lab7, count=9
Event: 2215.284 Thread 0x000001eccf256800 redefined class name=Lab7, count=10
Event: 2954.808 Thread 0x000001eccf256800 redefined class name=Lab7, count=11
Event: 2986.585 Thread 0x000001eccf256800 redefined class name=Lab7, count=12
Event: 3084.833 Thread 0x000001eccf256800 redefined class name=Lab7, count=13
Event: 3147.567 Thread 0x000001eccf256800 redefined class name=Lab7, count=14
Event: 3685.496 Thread 0x000001eccf256800 redefined class name=Lab7, count=15
Event: 3754.739 Thread 0x000001eccf256800 redefined class name=Lab7, count=16
Event: 3842.728 Thread 0x000001eccf256800 redefined class name=Lab7, count=17

Internal exceptions (1 events):
Event: 3971.276 Thread 0x000001eccfd72800 Exception <a 'java/lang/LinkageError'{0x0000000088d03258}> (0x0000000088d03258) 
thrown [t:/workspace/open/src/hotspot/share/oops/generateOopMap.cpp, line 2140]

Events (20 events):
Event: 3964.662 Executing VM operation: GetOwnedMonitorInfo
Event: 3964.662 Executing VM operation: GetOwnedMonitorInfo done
Event: 3964.664 Executing VM operation: GetFrameCount
Event: 3964.664 Executing VM operation: GetFrameCount done
Event: 3964.664 Executing VM operation: GetStackTrace
Event: 3964.664 Executing VM operation: GetStackTrace done
Event: 3964.664 Executing VM operation: GetFrameCount
Event: 3964.664 Executing VM operation: GetFrameCount done
Event: 3964.665 Executing VM operation: GetOwnedMonitorInfo
Event: 3964.665 Executing VM operation: GetOwnedMonitorInfo done
Event: 3964.665 Executing VM operation: GetCurrentContendedMonitor
Event: 3964.665 Executing VM operation: GetCurrentContendedMonitor done
Event: 3964.666 Executing VM operation: GetOwnedMonitorInfo
Event: 3964.666 Executing VM operation: GetOwnedMonitorInfo done
Event: 3964.667 Executing VM operation: GetCurrentContendedMonitor
Event: 3964.667 Executing VM operation: GetCurrentContendedMonitor done
Event: 3964.669 Executing VM operation: GetCurrentContendedMonitor
Event: 3964.669 Executing VM operation: GetCurrentContendedMonitor done
Event: 3964.669 Executing VM operation: GetOwnedMonitorInfo
Event: 3964.669 Executing VM operation: GetOwnedMonitorInfo done


Dynamic libraries:
0x00007ff72e090000 - 0x00007ff72e09f000 	C:\Program Files\Java\jdk-13.0.2\bin\javaw.exe
0x00007ff826580000 - 0x00007ff826770000 	C:\WINDOWS\SYSTEM32\ntdll.dll
0x00007ff826420000 - 0x00007ff8264d2000 	C:\WINDOWS\System32\KERNEL32.DLL
0x00007ff8240a0000 - 0x00007ff824344000 	C:\WINDOWS\System32\KERNELBASE.dll
0x00007ff823720000 - 0x00007ff82381a000 	C:\WINDOWS\System32\ucrtbase.dll
0x00007ff81df00000 - 0x00007ff81df18000 	C:\Program Files\Java\jdk-13.0.2\bin\jli.dll
0x00007ff81e7d0000 - 0x00007ff81e7e5000 	C:\Program Files\Java\jdk-13.0.2\bin\VCRUNTIME140.dll
0x00007ff8256c0000 - 0x00007ff825763000 	C:\WINDOWS\System32\ADVAPI32.dll
0x00007ff8259a0000 - 0x00007ff825a3e000 	C:\WINDOWS\System32\msvcrt.dll
0x00007ff824ad0000 - 0x00007ff824b67000 	C:\WINDOWS\System32\sechost.dll
0x00007ff8255a0000 - 0x00007ff8256c0000 	C:\WINDOWS\System32\RPCRT4.dll
0x00007ff825e00000 - 0x00007ff825f94000 	C:\WINDOWS\System32\USER32.dll
0x00007ff823660000 - 0x00007ff823681000 	C:\WINDOWS\System32\win32u.dll
0x00007ff824630000 - 0x00007ff824656000 	C:\WINDOWS\System32\GDI32.dll
0x00007ff824350000 - 0x00007ff8244e4000 	C:\WINDOWS\System32\gdi32full.dll
0x00007ff824590000 - 0x00007ff82462e000 	C:\WINDOWS\System32\msvcp_win.dll
0x00007ff816000000 - 0x00007ff816284000 	C:\WINDOWS\WinSxS\amd64_microsoft.windows.common-controls_6595b64144ccf1df_6.0.18362.836_none_e6c4b943130f18ed\COMCTL32.dll
0x00007ff825fd0000 - 0x00007ff826306000 	C:\WINDOWS\System32\combase.dll
0x00007ff824510000 - 0x00007ff824590000 	C:\WINDOWS\System32\bcryptPrimitives.dll
0x00007ff81b730000 - 0x00007ff81b73a000 	C:\WINDOWS\SYSTEM32\VERSION.dll
0x00007ff825500000 - 0x00007ff82552e000 	C:\WINDOWS\System32\IMM32.DLL
0x00007ff819a40000 - 0x00007ff819adb000 	C:\Program Files\Java\jdk-13.0.2\bin\msvcp140.dll
0x00007fffe9c60000 - 0x00007fffea7bd000 	C:\Program Files\Java\jdk-13.0.2\bin\server\jvm.dll
0x00007ff825bf0000 - 0x00007ff825bf8000 	C:\WINDOWS\System32\PSAPI.DLL
0x00007ff815b20000 - 0x00007ff815b29000 	C:\WINDOWS\SYSTEM32\WSOCK32.dll
0x00007ff816f70000 - 0x00007ff816f94000 	C:\WINDOWS\SYSTEM32\WINMM.dll
0x00007ff825530000 - 0x00007ff82559f000 	C:\WINDOWS\System32\WS2_32.dll
0x00007ff816f40000 - 0x00007ff816f6d000 	C:\WINDOWS\SYSTEM32\WINMMBASE.dll
0x00007ff823fa0000 - 0x00007ff823fea000 	C:\WINDOWS\System32\cfgmgr32.dll
0x00007ff823450000 - 0x00007ff823461000 	C:\WINDOWS\System32\kernel.appcore.dll
0x00007ff81d750000 - 0x00007ff81d760000 	C:\Program Files\Java\jdk-13.0.2\bin\verify.dll
0x00007ff821d20000 - 0x00007ff821f14000 	C:\WINDOWS\SYSTEM32\DBGHELP.DLL
0x00007ff81be40000 - 0x00007ff81be6a000 	C:\WINDOWS\SYSTEM32\dbgcore.DLL
0x00007ff81d130000 - 0x00007ff81d156000 	C:\Program Files\Java\jdk-13.0.2\bin\java.dll
0x00007ff81cee0000 - 0x00007ff81cf18000 	C:\Program Files\Java\jdk-13.0.2\bin\jdwp.dll
0x00007ff81e440000 - 0x00007ff81e44e000 	C:\Program Files\Java\jdk-13.0.2\bin\instrument.dll
0x00007ff81d730000 - 0x00007ff81d747000 	C:\Program Files\Java\jdk-13.0.2\bin\zip.dll
0x00007ff81c0d0000 - 0x00007ff81c0da000 	C:\Program Files\Java\jdk-13.0.2\bin\jimage.dll
0x00007ff824b70000 - 0x00007ff825254000 	C:\WINDOWS\System32\SHELL32.dll
0x00007ff826310000 - 0x00007ff8263b9000 	C:\WINDOWS\System32\shcore.dll
0x00007ff823820000 - 0x00007ff823f9e000 	C:\WINDOWS\System32\windows.storage.dll
0x00007ff823490000 - 0x00007ff8234b3000 	C:\WINDOWS\System32\profapi.dll
0x00007ff8234c0000 - 0x00007ff82350a000 	C:\WINDOWS\System32\powrprof.dll
0x00007ff823440000 - 0x00007ff823450000 	C:\WINDOWS\System32\UMPDC.dll
0x00007ff8264e0000 - 0x00007ff826532000 	C:\WINDOWS\System32\shlwapi.dll
0x00007ff8244f0000 - 0x00007ff824507000 	C:\WINDOWS\System32\cryptsp.dll
0x00007ff81d5c0000 - 0x00007ff81d5cb000 	C:\Program Files\Java\jdk-13.0.2\bin\dt_socket.dll
0x00007ff822cb0000 - 0x00007ff822d17000 	C:\WINDOWS\system32\mswsock.dll
0x00007ff822a00000 - 0x00007ff822acb000 	C:\WINDOWS\SYSTEM32\DNSAPI.dll
0x00007ff825fc0000 - 0x00007ff825fc8000 	C:\WINDOWS\System32\NSI.dll
0x00007ff8229c0000 - 0x00007ff8229fa000 	C:\WINDOWS\SYSTEM32\IPHLPAPI.DLL
0x00007ff81ce10000 - 0x00007ff81ce1a000 	C:\Windows\System32\rasadhlp.dll
0x00007ff81a470000 - 0x00007ff81a4e7000 	C:\WINDOWS\System32\fwpuclnt.dll
0x00007ff8236f0000 - 0x00007ff823716000 	C:\WINDOWS\System32\bcrypt.dll
0x00007ff81c0b0000 - 0x00007ff81c0c9000 	C:\Program Files\Java\jdk-13.0.2\bin\net.dll
0x00007ff819d80000 - 0x00007ff819e70000 	C:\WINDOWS\SYSTEM32\WINHTTP.dll
0x00007ff819b80000 - 0x00007ff819b93000 	C:\Program Files\Java\jdk-13.0.2\bin\nio.dll

dbghelp: loaded successfully - version: 4.0.5 - missing functions: none
symbol engine: initialized successfully - sym options: 0x614 - pdb path: .;C:\Program Files\Java\jdk-13.0.2\bin;C:\WINDOWS\SYSTEM32;C:\WINDOWS\WinSxS\amd64_microsoft.windows.common-controls_6595b64144ccf1df_6.0.18362.836_none_e6c4b943130f18ed;C:\Program Files\Java\jdk-13.0.2\bin\server

VM Arguments:
jvm_args: -agentlib:jdwp=transport=dt_socket,suspend=y,address=localhost:61235 -javaagent:C:\Users\julia\eclipse\java-2019-12\eclipse\configuration\org.eclipse.osgi\226\0\.cp\lib\javaagent-shaded.jar -Dfile.encoding=MS949 
java_command: Lab7
java_class_path (initial): C:\Users\julia\eclipse-workspace\java20\Lab7\bin
Launcher Type: SUN_STANDARD

[Global flags]
     intx CICompilerCount                          = 3                                         {product} {ergonomic}
     uint ConcGCThreads                            = 1                                         {product} {ergonomic}
     uint G1ConcRefinementThreads                  = 4                                         {product} {ergonomic}
   size_t G1HeapRegionSize                         = 1048576                                   {product} {ergonomic}
    uintx GCDrainStackTargetSize                   = 64                                        {product} {ergonomic}
   size_t InitialHeapSize                          = 134217728                                 {product} {ergonomic}
   size_t MarkStackSize                            = 4194304                                   {product} {ergonomic}
   size_t MaxHeapSize                              = 2126512128                                {product} {ergonomic}
   size_t MaxNewSize                               = 1275068416                                {product} {ergonomic}
   size_t MinHeapDeltaBytes                        = 1048576                                   {product} {ergonomic}
   size_t MinHeapSize                              = 8388608                                   {product} {ergonomic}
    uintx NonNMethodCodeHeapSize                   = 5832780                                {pd product} {ergonomic}
    uintx NonProfiledCodeHeapSize                  = 122912730                              {pd product} {ergonomic}
    uintx ProfiledCodeHeapSize                     = 122912730                              {pd product} {ergonomic}
    uintx ReservedCodeCacheSize                    = 251658240                              {pd product} {ergonomic}
     bool SegmentedCodeCache                       = true                                      {product} {ergonomic}
   size_t SoftMaxHeapSize                          = 2126512128                             {manageable} {ergonomic}
     bool UseCompressedClassPointers               = true                                 {lp64_product} {ergonomic}
     bool UseCompressedOops                        = true                                 {lp64_product} {ergonomic}
     bool UseG1GC                                  = true                                      {product} {ergonomic}
     bool UseLargePagesIndividualAllocation        = false                                  {pd product} {ergonomic}

Logging:
Log output configuration:
 #0: stdout all=warning uptime,level,tags
 #1: stderr all=off uptime,level,tags

Environment Variables:
JAVA_HOME=C:\Program Files\Java\jdk-13.0.2\lib;
PATH=C:/Program Files/Java/jdk-13.0.2/bin/server;C:/Program Files/Java/jdk-13.0.2/bin;C:\Program Files\Java\jdk-13.0.2\bin;C:\Program Files\Microsoft MPI\Bin\;C:\Program Files (x86)\Intel\iCLS Client\;C:\Program Files\Intel\iCLS Client\;C:\WINDOWS\system32;C:\WINDOWS;C:\WINDOWS\System32\Wbem;C:\WINDOWS\System32\WindowsPowerShell\v1.0\;C:\Program Files (x86)\Intel\Intel(R) Management Engine Components\DAL;C:\Program Files\Intel\Intel(R) Management Engine Components\DAL;C:\Program Files (x86)\Intel\Intel(R) Management Engine Components\IPT;C:\Program Files\Intel\Intel(R) Management Engine Components\IPT;C:\Program Files\dotnet\;C:\Program Files\Microsoft SQL Server\130\Tools\Binn\;C:\Program Files\Intel\WiFi\bin\;C:\Program Files\Common Files\Intel\WirelessCommon\;C:\WINDOWS\System32\OpenSSH\;C:\Python36\Scripts\;C:\Python36\;C:\Users\julia\AppData\Local\Microsoft\WindowsApps;C:\Program Files\Bandizip\;C:\WINDOWS\System32;
USERNAME=julia
OS=Windows_NT
PROCESSOR_IDENTIFIER=Intel64 Family 6 Model 142 Stepping 9, GenuineIntel



---------------  S Y S T E M  ---------------

OS: Windows 10 , 64 bit Build 18362 (10.0.18362.778)

CPU:total 4 (initial active 4) (2 cores per cpu, 2 threads per core) family 6 model 142 stepping 9, cmov, cx8, fxsr, mmx, sse, sse2, sse3, ssse3, sse4.1, sse4.2, popcnt, avx, avx2, aes, clmul, erms, 3dnowpref, lzcnt, ht, tsc, tscinvbit, bmi1, bmi2, adx, fma

Memory: 4k page, system-wide physical 8105M (3491M free)
TotalPageFile size 9385M (AvailPageFile size 2783M)
current process WorkingSet (physical memory assigned to process): 36M, peak: 43M
current process commit charge ("private bytes"): 207M, peak: 214M

vm_info: Java HotSpot(TM) 64-Bit Server VM (13.0.2+8) for windows-amd64 JRE (13.0.2+8), built on Dec 11 2019 09:20:33 by "mach5one" with unknown MS VC++:1916

END.
